Arguments: 
  /usr/local/bin/node /usr/local/bin/yarn add vue-router @4.0.12

PATH: 
  /opt/homebrew/opt/mysql@5.7/bin:/bin:/usr/bin:/usr/local/bin:/opt/homebrew/bin:/opt/homebrew/sbin:/usr/local/bin:/usr/bin:/bin:/usr/sbin:/sbin:/Library/Apple/usr/bin:/opt/homebrew/opt/mysql@5.7/bin:/opt/homebrew/bin:/opt/homebrew/sbin:/Users/yyl/.yarn/bin:/Users/yyl/.config/yarn/global/node_modules/.bin:/Users/yyl/.yarn/bin:/Users/yyl/.config/yarn/global/node_modules/.bin

Yarn version: 
  1.22.17

Node version: 
  16.0.0

Platform: 
  darwin arm64

Trace: 
  Error: https://registry.npmmirror.com/@4.0.12: [NOT_FOUND] /@4.0.12 not found
      at Request.params.callback [as _callback] (/usr/local/lib/node_modules/yarn/lib/cli.js:67029:18)
      at Request.self.callback (/usr/local/lib/node_modules/yarn/lib/cli.js:140883:22)
      at Request.emit (node:events:365:28)
      at Request.<anonymous> (/usr/local/lib/node_modules/yarn/lib/cli.js:141855:10)
      at Request.emit (node:events:365:28)
      at Gunzip.<anonymous> (/usr/local/lib/node_modules/yarn/lib/cli.js:141777:12)
      at Object.onceWrapper (node:events:471:28)
      at Gunzip.emit (node:events:365:28)
      at endReadableNT (node:internal/streams/readable:1312:12)
      at processTicksAndRejections (node:internal/process/task_queues:83:21)

npm manifest: 
  {
    "author": "hsianglee",
    "name": "element-plus-admin",
    "version": "0.0.0",
    "scripts": {
      "dev": "vite",
      "build": "vuedx-typecheck . && vite build",
      "preview": "vite preview",
      "test": "jest ./test",
      "eslint": "npx eslint . --ext .js,.jsx,.ts,.tsx --fix",
      "stylelint": "npx stylelint **/*.{css,vue} --fix"
    },
    "dependencies": {
      "echarts": "^5.3.0",
      "element-plus": "^2.0.2",
      "vue": "^3.2.31"
    },
    "license": "MIT",
    "devDependencies": {
      "@babel/preset-env": "^7.12.11",
      "@element-plus/icons-vue": "^0.2.7",
      "@testing-library/jest-dom": "^5.11.8",
      "@types/jest": "^26.0.20",
      "@types/mockjs": "^1.0.3",
      "@types/node": "^14.14.20",
      "@types/nprogress": "^0.2.0",
      "@types/pinyin": "^2.8.2",
      "@typescript-eslint/eslint-plugin": "^5.12.1",
      "@typescript-eslint/parser": "^5.12.1",
      "@vitejs/plugin-vue": "^2.2.2",
      "@vue/compiler-sfc": "^3.2.31",
      "@vue/test-utils": "^2.0.0-beta.13",
      "@vuedx/typecheck": "^0.7.4",
      "@vuedx/typescript-plugin-vue": "^0.7.4",
      "autoprefixer": "^10.1.0",
      "axios": "^0.21.1",
      "babel-jest": "^26.6.3",
      "eslint": "^8.9.0",
      "eslint-plugin-vue": "^8.4.1",
      "fuse.js": "^6.4.6",
      "jest": "^26.6.3",
      "jsencrypt": "^3.1.0",
      "mockjs": "^1.1.0",
      "nprogress": "^0.2.0",
      "pinia": "^2.0.11",
      "pinyin": "^2.10.2",
      "postcss": "^8.4.6",
      "postcss-import": "^14.0.2",
      "postcss-simple-vars": "^6.0.3",
      "screenfull": "^5.1.0",
      "stylelint": "^13.8.0",
      "stylelint-config-standard": "^20.0.0",
      "tailwindcss": "^3.0.23",
      "ts-jest": "^26.4.4",
      "tslint": "^6.1.3",
      "typescript": "^4.5.5",
      "vite": "^2.8.4",
      "vite-plugin-mock": "^2.6.3",
      "vite-plugin-svg-icons": "^0.7.0",
      "vue-eslint-parser": "^8.2.0",
      "vue-jest": "^5.0.0-alpha.7",
      "vue-router": "^4.0.12"
    },
    "browserslist": [
      "> 1%",
      "last 2 versions",
      "not ie <= 10"
    ],
    "eslintIgnore": [
      "node_modules",
      "dist"
    ]
  }

yarn manifest: 
  No manifest

Lockfile: 
  No lockfile
